  StitchingBasic.cpp
d:\program files\visualstudio12.0\vc\atlmfc\include\afx.h(38): warning C4996: 'MBCS_Support_Deprecated_In_MFC': MBCS support in MFC is deprecated and may be removed in a future version of MFC.
          d:\program files\visualstudio12.0\vc\atlmfc\include\afx.h(33) : see declaration of 'MBCS_Support_Deprecated_In_MFC'
  _WIN32_WINNT not defined. Defaulting to _WIN32_WINNT_MAXVER (see WinSDKVer.h)
d:\source\11. 프로그래밍\image stitch\stitchingbasic.cpp(261): warning C4101: 'dTmp' : unreferenced local variable
d:\source\11. 프로그래밍\image stitch\stitchingbasic.cpp(278): warning C4101: 'random' : unreferenced local variable
d:\source\11. 프로그래밍\image stitch\stitchingbasic.cpp(400): warning C4244: '=' : conversion from 'double' to 'float', possible loss of data
d:\source\11. 프로그래밍\image stitch\stitchingbasic.cpp(401): warning C4244: '=' : conversion from 'double' to 'float', possible loss of data
d:\source\11. 프로그래밍\image stitch\stitchingbasic.cpp(420): warning C4244: 'argument' : conversion from 'int' to 'float', possible loss of data
d:\source\11. 프로그래밍\image stitch\stitchingbasic.cpp(429): warning C4244: '=' : conversion from 'double' to 'int', possible loss of data
d:\source\11. 프로그래밍\image stitch\stitchingbasic.cpp(430): warning C4244: '=' : conversion from 'double' to 'int', possible loss of data
d:\source\11. 프로그래밍\image stitch\stitchingbasic.cpp(432): warning C4244: '=' : conversion from 'double' to 'int', possible loss of data
d:\source\11. 프로그래밍\image stitch\stitchingbasic.cpp(433): warning C4244: '=' : conversion from 'double' to 'int', possible loss of data
d:\source\11. 프로그래밍\image stitch\stitchingbasic.cpp(444): warning C4244: '=' : conversion from 'double' to 'int', possible loss of data
d:\source\11. 프로그래밍\image stitch\stitchingbasic.cpp(445): warning C4244: '=' : conversion from 'double' to 'int', possible loss of data
d:\source\11. 프로그래밍\image stitch\stitchingbasic.cpp(483): warning C4244: '=' : conversion from 'double' to 'int', possible loss of data
d:\source\11. 프로그래밍\image stitch\stitchingbasic.cpp(484): warning C4244: '=' : conversion from 'double' to 'int', possible loss of data
d:\source\11. 프로그래밍\image stitch\stitchingbasic.cpp(486): warning C4244: 'argument' : conversion from 'int' to 'float', possible loss of data
d:\source\11. 프로그래밍\image stitch\stitchingbasic.cpp(571): warning C4244: '=' : conversion from 'double' to 'int', possible loss of data
d:\source\11. 프로그래밍\image stitch\stitchingbasic.cpp(572): warning C4244: '=' : conversion from 'double' to 'int', possible loss of data
d:\source\11. 프로그래밍\image stitch\stitchingbasic.cpp(574): warning C4244: 'argument' : conversion from 'int' to 'float', possible loss of data
d:\source\11. 프로그래밍\image stitch\stitchingbasic.cpp(407): warning C4101: 'i' : unreferenced local variable
d:\source\11. 프로그래밍\image stitch\stitchingbasic.cpp(411): warning C4101: 'nH_transR' : unreferenced local variable
d:\source\11. 프로그래밍\image stitch\stitchingbasic.cpp(411): warning C4101: 'nW_transR' : unreferenced local variable
d:\source\11. 프로그래밍\image stitch\stitchingbasic.cpp(641): warning C4244: 'argument' : conversion from 'int' to 'float', possible loss of data
d:\source\11. 프로그래밍\image stitch\stitchingbasic.cpp(609): warning C4101: 'i' : unreferenced local variable
d:\source\11. 프로그래밍\image stitch\stitchingbasic.cpp(725): warning C4244: 'argument' : conversion from 'int' to 'float', possible loss of data
d:\source\11. 프로그래밍\image stitch\stitchingbasic.cpp(738): warning C4244: '=' : conversion from 'double' to 'int', possible loss of data
d:\source\11. 프로그래밍\image stitch\stitchingbasic.cpp(775): warning C4244: 'argument' : conversion from 'int' to 'float', possible loss of data
d:\source\11. 프로그래밍\image stitch\stitchingbasic.cpp(708): warning C4101: 'i' : unreferenced local variable
d:\source\11. 프로그래밍\image stitch\stitchingbasic.cpp(716): warning C4101: 'nH_transR' : unreferenced local variable
d:\source\11. 프로그래밍\image stitch\stitchingbasic.cpp(716): warning C4101: 'nW_transR' : unreferenced local variable
d:\source\11. 프로그래밍\image stitch\stitchingbasic.cpp(805): warning C4244: 'argument' : conversion from 'float' to 'int', possible loss of data
d:\source\11. 프로그래밍\image stitch\stitchingbasic.cpp(806): warning C4244: 'argument' : conversion from 'float' to 'int', possible loss of data
d:\source\11. 프로그래밍\image stitch\stitchingbasic.cpp(807): warning C4244: 'argument' : conversion from 'float' to 'int', possible loss of data
d:\source\11. 프로그래밍\image stitch\stitchingbasic.cpp(840): warning C4018: '<' : signed/unsigned mismatch
d:\source\11. 프로그래밍\image stitch\stitchingbasic.cpp(842): warning C4244: 'argument' : conversion from 'float' to 'int', possible loss of data
d:\source\11. 프로그래밍\image stitch\stitchingbasic.cpp(843): warning C4244: 'argument' : conversion from 'float' to 'int', possible loss of data
d:\source\11. 프로그래밍\image stitch\stitchingbasic.cpp(844): warning C4244: 'argument' : conversion from 'float' to 'int', possible loss of data
d:\source\11. 프로그래밍\image stitch\stitchingbasic.cpp(1056): warning C4244: '=' : conversion from 'double' to 'BYTE', possible loss of data
d:\source\11. 프로그래밍\image stitch\stitchingbasic.cpp(1061): warning C4244: '=' : conversion from 'double' to 'BYTE', possible loss of data
d:\source\11. 프로그래밍\image stitch\stitchingbasic.cpp(1066): warning C4244: '=' : conversion from 'double' to 'BYTE', possible loss of data
JpegLibD.lib(jcapimin.obj) : warning LNK4099: PDB 'vc60.pdb' was not found with 'JpegLibD.lib(jcapimin.obj)' or at 'D:\Source\11. 프로그래밍\Image Stitch\Debug\vc60.pdb'; linking object as if no debug info
JpegLibD.lib(jcapistd.obj) : warning LNK4099: PDB 'vc60.pdb' was not found with 'JpegLibD.lib(jcapistd.obj)' or at 'D:\Source\11. 프로그래밍\Image Stitch\Debug\vc60.pdb'; linking object as if no debug info
JpegLibD.lib(jccoefct.obj) : warning LNK4099: PDB 'vc60.pdb' was not found with 'JpegLibD.lib(jccoefct.obj)' or at 'D:\Source\11. 프로그래밍\Image Stitch\Debug\vc60.pdb'; linking object as if no debug info
JpegLibD.lib(jccolor.obj) : warning LNK4099: PDB 'vc60.pdb' was not found with 'JpegLibD.lib(jccolor.obj)' or at 'D:\Source\11. 프로그래밍\Image Stitch\Debug\vc60.pdb'; linking object as if no debug info
JpegLibD.lib(jcdctmgr.obj) : warning LNK4099: PDB 'vc60.pdb' was not found with 'JpegLibD.lib(jcdctmgr.obj)' or at 'D:\Source\11. 프로그래밍\Image Stitch\Debug\vc60.pdb'; linking object as if no debug info
JpegLibD.lib(jchuff.obj) : warning LNK4099: PDB 'vc60.pdb' was not found with 'JpegLibD.lib(jchuff.obj)' or at 'D:\Source\11. 프로그래밍\Image Stitch\Debug\vc60.pdb'; linking object as if no debug info
JpegLibD.lib(jcinit.obj) : warning LNK4099: PDB 'vc60.pdb' was not found with 'JpegLibD.lib(jcinit.obj)' or at 'D:\Source\11. 프로그래밍\Image Stitch\Debug\vc60.pdb'; linking object as if no debug info
JpegLibD.lib(jcmainct.obj) : warning LNK4099: PDB 'vc60.pdb' was not found with 'JpegLibD.lib(jcmainct.obj)' or at 'D:\Source\11. 프로그래밍\Image Stitch\Debug\vc60.pdb'; linking object as if no debug info
JpegLibD.lib(jcmarker.obj) : warning LNK4099: PDB 'vc60.pdb' was not found with 'JpegLibD.lib(jcmarker.obj)' or at 'D:\Source\11. 프로그래밍\Image Stitch\Debug\vc60.pdb'; linking object as if no debug info
JpegLibD.lib(jcmaster.obj) : warning LNK4099: PDB 'vc60.pdb' was not found with 'JpegLibD.lib(jcmaster.obj)' or at 'D:\Source\11. 프로그래밍\Image Stitch\Debug\vc60.pdb'; linking object as if no debug info
JpegLibD.lib(jcomapi.obj) : warning LNK4099: PDB 'vc60.pdb' was not found with 'JpegLibD.lib(jcomapi.obj)' or at 'D:\Source\11. 프로그래밍\Image Stitch\Debug\vc60.pdb'; linking object as if no debug info
JpegLibD.lib(jcparam.obj) : warning LNK4099: PDB 'vc60.pdb' was not found with 'JpegLibD.lib(jcparam.obj)' or at 'D:\Source\11. 프로그래밍\Image Stitch\Debug\vc60.pdb'; linking object as if no debug info
JpegLibD.lib(jcphuff.obj) : warning LNK4099: PDB 'vc60.pdb' was not found with 'JpegLibD.lib(jcphuff.obj)' or at 'D:\Source\11. 프로그래밍\Image Stitch\Debug\vc60.pdb'; linking object as if no debug info
JpegLibD.lib(jcprepct.obj) : warning LNK4099: PDB 'vc60.pdb' was not found with 'JpegLibD.lib(jcprepct.obj)' or at 'D:\Source\11. 프로그래밍\Image Stitch\Debug\vc60.pdb'; linking object as if no debug info
JpegLibD.lib(jcsample.obj) : warning LNK4099: PDB 'vc60.pdb' was not found with 'JpegLibD.lib(jcsample.obj)' or at 'D:\Source\11. 프로그래밍\Image Stitch\Debug\vc60.pdb'; linking object as if no debug info
JpegLibD.lib(jdapimin.obj) : warning LNK4099: PDB 'vc60.pdb' was not found with 'JpegLibD.lib(jdapimin.obj)' or at 'D:\Source\11. 프로그래밍\Image Stitch\Debug\vc60.pdb'; linking object as if no debug info
JpegLibD.lib(jdapistd.obj) : warning LNK4099: PDB 'vc60.pdb' was not found with 'JpegLibD.lib(jdapistd.obj)' or at 'D:\Source\11. 프로그래밍\Image Stitch\Debug\vc60.pdb'; linking object as if no debug info
JpegLibD.lib(jdatadst.obj) : warning LNK4099: PDB 'vc60.pdb' was not found with 'JpegLibD.lib(jdatadst.obj)' or at 'D:\Source\11. 프로그래밍\Image Stitch\Debug\vc60.pdb'; linking object as if no debug info
JpegLibD.lib(jdatasrc.obj) : warning LNK4099: PDB 'vc60.pdb' was not found with 'JpegLibD.lib(jdatasrc.obj)' or at 'D:\Source\11. 프로그래밍\Image Stitch\Debug\vc60.pdb'; linking object as if no debug info
JpegLibD.lib(jdcoefct.obj) : warning LNK4099: PDB 'vc60.pdb' was not found with 'JpegLibD.lib(jdcoefct.obj)' or at 'D:\Source\11. 프로그래밍\Image Stitch\Debug\vc60.pdb'; linking object as if no debug info
JpegLibD.lib(jdcolor.obj) : warning LNK4099: PDB 'vc60.pdb' was not found with 'JpegLibD.lib(jdcolor.obj)' or at 'D:\Source\11. 프로그래밍\Image Stitch\Debug\vc60.pdb'; linking object as if no debug info
JpegLibD.lib(jddctmgr.obj) : warning LNK4099: PDB 'vc60.pdb' was not found with 'JpegLibD.lib(jddctmgr.obj)' or at 'D:\Source\11. 프로그래밍\Image Stitch\Debug\vc60.pdb'; linking object as if no debug info
JpegLibD.lib(jdhuff.obj) : warning LNK4099: PDB 'vc60.pdb' was not found with 'JpegLibD.lib(jdhuff.obj)' or at 'D:\Source\11. 프로그래밍\Image Stitch\Debug\vc60.pdb'; linking object as if no debug info
JpegLibD.lib(jdinput.obj) : warning LNK4099: PDB 'vc60.pdb' was not found with 'JpegLibD.lib(jdinput.obj)' or at 'D:\Source\11. 프로그래밍\Image Stitch\Debug\vc60.pdb'; linking object as if no debug info
JpegLibD.lib(jdmainct.obj) : warning LNK4099: PDB 'vc60.pdb' was not found with 'JpegLibD.lib(jdmainct.obj)' or at 'D:\Source\11. 프로그래밍\Image Stitch\Debug\vc60.pdb'; linking object as if no debug info
JpegLibD.lib(jdmarker.obj) : warning LNK4099: PDB 'vc60.pdb' was not found with 'JpegLibD.lib(jdmarker.obj)' or at 'D:\Source\11. 프로그래밍\Image Stitch\Debug\vc60.pdb'; linking object as if no debug info
JpegLibD.lib(jdmaster.obj) : warning LNK4099: PDB 'vc60.pdb' was not found with 'JpegLibD.lib(jdmaster.obj)' or at 'D:\Source\11. 프로그래밍\Image Stitch\Debug\vc60.pdb'; linking object as if no debug info
JpegLibD.lib(jdmerge.obj) : warning LNK4099: PDB 'vc60.pdb' was not found with 'JpegLibD.lib(jdmerge.obj)' or at 'D:\Source\11. 프로그래밍\Image Stitch\Debug\vc60.pdb'; linking object as if no debug info
JpegLibD.lib(jdphuff.obj) : warning LNK4099: PDB 'vc60.pdb' was not found with 'JpegLibD.lib(jdphuff.obj)' or at 'D:\Source\11. 프로그래밍\Image Stitch\Debug\vc60.pdb'; linking object as if no debug info
JpegLibD.lib(jdpostct.obj) : warning LNK4099: PDB 'vc60.pdb' was not found with 'JpegLibD.lib(jdpostct.obj)' or at 'D:\Source\11. 프로그래밍\Image Stitch\Debug\vc60.pdb'; linking object as if no debug info
JpegLibD.lib(jdsample.obj) : warning LNK4099: PDB 'vc60.pdb' was not found with 'JpegLibD.lib(jdsample.obj)' or at 'D:\Source\11. 프로그래밍\Image Stitch\Debug\vc60.pdb'; linking object as if no debug info
JpegLibD.lib(jerror.obj) : warning LNK4099: PDB 'vc60.pdb' was not found with 'JpegLibD.lib(jerror.obj)' or at 'D:\Source\11. 프로그래밍\Image Stitch\Debug\vc60.pdb'; linking object as if no debug info
JpegLibD.lib(jfdctflt.obj) : warning LNK4099: PDB 'vc60.pdb' was not found with 'JpegLibD.lib(jfdctflt.obj)' or at 'D:\Source\11. 프로그래밍\Image Stitch\Debug\vc60.pdb'; linking object as if no debug info
JpegLibD.lib(jfdctfst.obj) : warning LNK4099: PDB 'vc60.pdb' was not found with 'JpegLibD.lib(jfdctfst.obj)' or at 'D:\Source\11. 프로그래밍\Image Stitch\Debug\vc60.pdb'; linking object as if no debug info
JpegLibD.lib(jfdctint.obj) : warning LNK4099: PDB 'vc60.pdb' was not found with 'JpegLibD.lib(jfdctint.obj)' or at 'D:\Source\11. 프로그래밍\Image Stitch\Debug\vc60.pdb'; linking object as if no debug info
JpegLibD.lib(jidctflt.obj) : warning LNK4099: PDB 'vc60.pdb' was not found with 'JpegLibD.lib(jidctflt.obj)' or at 'D:\Source\11. 프로그래밍\Image Stitch\Debug\vc60.pdb'; linking object as if no debug info
JpegLibD.lib(jidctfst.obj) : warning LNK4099: PDB 'vc60.pdb' was not found with 'JpegLibD.lib(jidctfst.obj)' or at 'D:\Source\11. 프로그래밍\Image Stitch\Debug\vc60.pdb'; linking object as if no debug info
JpegLibD.lib(jidctint.obj) : warning LNK4099: PDB 'vc60.pdb' was not found with 'JpegLibD.lib(jidctint.obj)' or at 'D:\Source\11. 프로그래밍\Image Stitch\Debug\vc60.pdb'; linking object as if no debug info
JpegLibD.lib(jidctred.obj) : warning LNK4099: PDB 'vc60.pdb' was not found with 'JpegLibD.lib(jidctred.obj)' or at 'D:\Source\11. 프로그래밍\Image Stitch\Debug\vc60.pdb'; linking object as if no debug info
JpegLibD.lib(jmemmgr.obj) : warning LNK4099: PDB 'vc60.pdb' was not found with 'JpegLibD.lib(jmemmgr.obj)' or at 'D:\Source\11. 프로그래밍\Image Stitch\Debug\vc60.pdb'; linking object as if no debug info
JpegLibD.lib(jmemnobs.obj) : warning LNK4099: PDB 'vc60.pdb' was not found with 'JpegLibD.lib(jmemnobs.obj)' or at 'D:\Source\11. 프로그래밍\Image Stitch\Debug\vc60.pdb'; linking object as if no debug info
JpegLibD.lib(JpegProcess.obj) : warning LNK4099: PDB 'vc60.pdb' was not found with 'JpegLibD.lib(JpegProcess.obj)' or at 'D:\Source\11. 프로그래밍\Image Stitch\Debug\vc60.pdb'; linking object as if no debug info
JpegLibD.lib(jquant1.obj) : warning LNK4099: PDB 'vc60.pdb' was not found with 'JpegLibD.lib(jquant1.obj)' or at 'D:\Source\11. 프로그래밍\Image Stitch\Debug\vc60.pdb'; linking object as if no debug info
JpegLibD.lib(jquant2.obj) : warning LNK4099: PDB 'vc60.pdb' was not found with 'JpegLibD.lib(jquant2.obj)' or at 'D:\Source\11. 프로그래밍\Image Stitch\Debug\vc60.pdb'; linking object as if no debug info
JpegLibD.lib(jutils.obj) : warning LNK4099: PDB 'vc60.pdb' was not found with 'JpegLibD.lib(jutils.obj)' or at 'D:\Source\11. 프로그래밍\Image Stitch\Debug\vc60.pdb'; linking object as if no debug info
JpegLibD.lib(Main.obj) : warning LNK4099: PDB 'vc60.pdb' was not found with 'JpegLibD.lib(Main.obj)' or at 'D:\Source\11. 프로그래밍\Image Stitch\Debug\vc60.pdb'; linking object as if no debug info
  ImageProcessing.vcxproj -> D:\Source\11. 프로그래밍\Image Stitch\.\Debug\ImageProcessing.exe
