f:\이대호 교수님 관련 과제 모음\player\newsr(20140106)\release\imageprocessing.bsc
f:\이대호 교수님 관련 과제 모음\player\newsr(20140106)\release\imageprocessing.pch
f:\이대호 교수님 관련 과제 모음\player\newsr(20140106)\release\stdafx.sbr
f:\이대호 교수님 관련 과제 모음\player\newsr(20140106)\release\stdafx.obj
f:\이대호 교수님 관련 과제 모음\player\newsr(20140106)\release\vc100.pdb
f:\이대호 교수님 관련 과제 모음\player\newsr(20140106)\release\application.sbr
f:\이대호 교수님 관련 과제 모음\player\newsr(20140106)\release\bpn.sbr
f:\이대호 교수님 관련 과제 모음\player\newsr(20140106)\release\chap2.sbr
f:\이대호 교수님 관련 과제 모음\player\newsr(20140106)\release\chap3.sbr
f:\이대호 교수님 관련 과제 모음\player\newsr(20140106)\release\chap4.sbr
f:\이대호 교수님 관련 과제 모음\player\newsr(20140106)\release\chap5.sbr
f:\이대호 교수님 관련 과제 모음\player\newsr(20140106)\release\childfrm.sbr
f:\이대호 교수님 관련 과제 모음\player\newsr(20140106)\release\cooldialogbar.sbr
f:\이대호 교수님 관련 과제 모음\player\newsr(20140106)\release\cubic3d.sbr
f:\이대호 교수님 관련 과제 모음\player\newsr(20140106)\release\fruc.sbr
f:\이대호 교수님 관련 과제 모음\player\newsr(20140106)\release\image.sbr
f:\이대호 교수님 관련 과제 모음\player\newsr(20140106)\release\imageprocessing.sbr
f:\이대호 교수님 관련 과제 모음\player\newsr(20140106)\release\imageprocessingdoc.sbr
f:\이대호 교수님 관련 과제 모음\player\newsr(20140106)\release\imageprocessingview.sbr
f:\이대호 교수님 관련 과제 모음\player\newsr(20140106)\release\mainfrm.sbr
f:\이대호 교수님 관련 과제 모음\player\newsr(20140106)\release\mainprocessdlg.sbr
f:\이대호 교수님 관련 과제 모음\player\newsr(20140106)\release\myfruc.sbr
f:\이대호 교수님 관련 과제 모음\player\newsr(20140106)\release\savescreenopt.sbr
f:\이대호 교수님 관련 과제 모음\player\newsr(20140106)\release\sr.sbr
f:\이대호 교수님 관련 과제 모음\player\newsr(20140106)\release\stitch.sbr
f:\이대호 교수님 관련 과제 모음\player\newsr(20140106)\release\stitch.obj
f:\이대호 교수님 관련 과제 모음\player\newsr(20140106)\release\sr.obj
f:\이대호 교수님 관련 과제 모음\player\newsr(20140106)\release\savescreenopt.obj
f:\이대호 교수님 관련 과제 모음\player\newsr(20140106)\release\myfruc.obj
f:\이대호 교수님 관련 과제 모음\player\newsr(20140106)\release\mainprocessdlg.obj
f:\이대호 교수님 관련 과제 모음\player\newsr(20140106)\release\mainfrm.obj
f:\이대호 교수님 관련 과제 모음\player\newsr(20140106)\release\imageprocessingview.obj
f:\이대호 교수님 관련 과제 모음\player\newsr(20140106)\release\imageprocessingdoc.obj
f:\이대호 교수님 관련 과제 모음\player\newsr(20140106)\release\imageprocessing.obj
f:\이대호 교수님 관련 과제 모음\player\newsr(20140106)\release\image.obj
f:\이대호 교수님 관련 과제 모음\player\newsr(20140106)\release\fruc.obj
f:\이대호 교수님 관련 과제 모음\player\newsr(20140106)\release\cubic3d.obj
f:\이대호 교수님 관련 과제 모음\player\newsr(20140106)\release\cooldialogbar.obj
f:\이대호 교수님 관련 과제 모음\player\newsr(20140106)\release\childfrm.obj
f:\이대호 교수님 관련 과제 모음\player\newsr(20140106)\release\chap5.obj
f:\이대호 교수님 관련 과제 모음\player\newsr(20140106)\release\chap4.obj
f:\이대호 교수님 관련 과제 모음\player\newsr(20140106)\release\chap3.obj
f:\이대호 교수님 관련 과제 모음\player\newsr(20140106)\release\chap2.obj
f:\이대호 교수님 관련 과제 모음\player\newsr(20140106)\release\bpn.obj
f:\이대호 교수님 관련 과제 모음\player\newsr(20140106)\release\application.obj
f:\이대호 교수님 관련 과제 모음\player\newsr(20140106)\release\thresholdingdlg.sbr
f:\이대호 교수님 관련 과제 모음\player\newsr(20140106)\release\yuvoptiondlg.sbr
f:\이대호 교수님 관련 과제 모음\player\newsr(20140106)\release\yuvoptiondlg.obj
f:\이대호 교수님 관련 과제 모음\player\newsr(20140106)\release\thresholdingdlg.obj
f:\이대호 교수님 관련 과제 모음\player\newsr(20140106)\release\imageprocessing.exe
f:\이대호 교수님 관련 과제 모음\player\newsr(20140106)\release\imageprocessing.exe.intermediate.manifest
f:\이대호 교수님 관련 과제 모음\player\newsr(20140106)\release\imageprocessing.res
d:\source\11. 프로그래밍\image stitch\release\imageprocessing.bsc
d:\source\11. 프로그래밍\image stitch\release\imageprocessing.pch
d:\source\11. 프로그래밍\image stitch\release\vc120.pdb
d:\source\11. 프로그래밍\image stitch\release\stdafx.sbr
d:\source\11. 프로그래밍\image stitch\release\stdafx.obj
d:\source\11. 프로그래밍\image stitch\release\application.sbr
d:\source\11. 프로그래밍\image stitch\release\bpn.sbr
d:\source\11. 프로그래밍\image stitch\release\chap2.sbr
d:\source\11. 프로그래밍\image stitch\release\chap3.sbr
d:\source\11. 프로그래밍\image stitch\release\chap4.sbr
d:\source\11. 프로그래밍\image stitch\release\chap5.sbr
d:\source\11. 프로그래밍\image stitch\release\childfrm.sbr
d:\source\11. 프로그래밍\image stitch\release\cooldialogbar.sbr
d:\source\11. 프로그래밍\image stitch\release\cubic3d.sbr
d:\source\11. 프로그래밍\image stitch\release\fruc.sbr
d:\source\11. 프로그래밍\image stitch\release\image.sbr
d:\source\11. 프로그래밍\image stitch\release\imageprocessing.sbr
d:\source\11. 프로그래밍\image stitch\release\imageprocessingdoc.sbr
d:\source\11. 프로그래밍\image stitch\release\imageprocessingview.sbr
d:\source\11. 프로그래밍\image stitch\release\imagestitch_jy.sbr
d:\source\11. 프로그래밍\image stitch\release\mainfrm.sbr
d:\source\11. 프로그래밍\image stitch\release\mainprocessdlg.sbr
d:\source\11. 프로그래밍\image stitch\release\meanshift.sbr
d:\source\11. 프로그래밍\image stitch\release\mesh.sbr
d:\source\11. 프로그래밍\image stitch\release\multihomostitcing_jy.sbr
d:\source\11. 프로그래밍\image stitch\release\multihomostitcing_jy.obj
d:\source\11. 프로그래밍\image stitch\release\mesh.obj
d:\source\11. 프로그래밍\image stitch\release\meanshift.obj
d:\source\11. 프로그래밍\image stitch\release\mainprocessdlg.obj
d:\source\11. 프로그래밍\image stitch\release\mainfrm.obj
d:\source\11. 프로그래밍\image stitch\release\imagestitch_jy.obj
d:\source\11. 프로그래밍\image stitch\release\imageprocessingview.obj
d:\source\11. 프로그래밍\image stitch\release\imageprocessingdoc.obj
d:\source\11. 프로그래밍\image stitch\release\imageprocessing.obj
d:\source\11. 프로그래밍\image stitch\release\image.obj
d:\source\11. 프로그래밍\image stitch\release\fruc.obj
d:\source\11. 프로그래밍\image stitch\release\cubic3d.obj
d:\source\11. 프로그래밍\image stitch\release\cooldialogbar.obj
d:\source\11. 프로그래밍\image stitch\release\childfrm.obj
d:\source\11. 프로그래밍\image stitch\release\chap5.obj
d:\source\11. 프로그래밍\image stitch\release\chap4.obj
d:\source\11. 프로그래밍\image stitch\release\chap3.obj
d:\source\11. 프로그래밍\image stitch\release\chap2.obj
d:\source\11. 프로그래밍\image stitch\release\bpn.obj
d:\source\11. 프로그래밍\image stitch\release\application.obj
d:\source\11. 프로그래밍\image stitch\release\myfruc.sbr
d:\source\11. 프로그래밍\image stitch\release\savescreenopt.sbr
d:\source\11. 프로그래밍\image stitch\release\sr.sbr
d:\source\11. 프로그래밍\image stitch\release\stitch.sbr
d:\source\11. 프로그래밍\image stitch\release\stitchingbasic.sbr
d:\source\11. 프로그래밍\image stitch\release\stitchkmeans.sbr
d:\source\11. 프로그래밍\image stitch\release\stitchlayer.sbr
d:\source\11. 프로그래밍\image stitch\release\stitchmeanshift.sbr
d:\source\11. 프로그래밍\image stitch\release\stitchmultihomo.sbr
d:\source\11. 프로그래밍\image stitch\release\thresholdingdlg.sbr
d:\source\11. 프로그래밍\image stitch\release\dlgvideostitch.sbr
d:\source\11. 프로그래밍\image stitch\release\yuvoptiondlg.sbr
d:\source\11. 프로그래밍\image stitch\release\yuvoptiondlg.obj
d:\source\11. 프로그래밍\image stitch\release\dlgvideostitch.obj
d:\source\11. 프로그래밍\image stitch\release\thresholdingdlg.obj
d:\source\11. 프로그래밍\image stitch\release\stitchmultihomo.obj
d:\source\11. 프로그래밍\image stitch\release\stitchmeanshift.obj
d:\source\11. 프로그래밍\image stitch\release\stitchlayer.obj
d:\source\11. 프로그래밍\image stitch\release\stitchkmeans.obj
d:\source\11. 프로그래밍\image stitch\release\stitchingbasic.obj
d:\source\11. 프로그래밍\image stitch\release\stitch.obj
d:\source\11. 프로그래밍\image stitch\release\sr.obj
d:\source\11. 프로그래밍\image stitch\release\savescreenopt.obj
d:\source\11. 프로그래밍\image stitch\release\myfruc.obj
d:\source\11. 프로그래밍\image stitch\release\imageprocessing.exe
d:\source\11. 프로그래밍\image stitch\release\imageprocessing.res
d:\source\11. 프로그래밍\image stitch\release\imageprocessing.vcxprojresolveassemblyreference.cache
d:\source\11. 프로그래밍\image stitch\release\imageprocess_jy.obj
d:\source\11. 프로그래밍\image stitch\release\imagestitching_jy.obj
d:\source\11. 프로그래밍\image stitch\release\bscmake.command.1.tlog
d:\source\11. 프로그래밍\image stitch\release\bscmake.read.1.tlog
d:\source\11. 프로그래밍\image stitch\release\bscmake.write.1.tlog
d:\source\11. 프로그래밍\image stitch\release\cl.command.1.tlog
d:\source\11. 프로그래밍\image stitch\release\cl.read.1.tlog
d:\source\11. 프로그래밍\image stitch\release\cl.write.1.tlog
d:\source\11. 프로그래밍\image stitch\release\imageprocessing.write.1.tlog
d:\source\11. 프로그래밍\image stitch\release\link-cvtres.read.1.tlog
d:\source\11. 프로그래밍\image stitch\release\link-cvtres.write.1.tlog
d:\source\11. 프로그래밍\image stitch\release\link.command.1.tlog
d:\source\11. 프로그래밍\image stitch\release\link.read.1.tlog
d:\source\11. 프로그래밍\image stitch\release\link.write.1.tlog
d:\source\11. 프로그래밍\image stitch\release\mt.command.1.tlog
d:\source\11. 프로그래밍\image stitch\release\mt.read.1.tlog
d:\source\11. 프로그래밍\image stitch\release\mt.write.1.tlog
d:\source\11. 프로그래밍\image stitch\release\rc.command.1.tlog
d:\source\11. 프로그래밍\image stitch\release\rc.read.1.tlog
d:\source\11. 프로그래밍\image stitch\release\rc.write.1.tlog
d:\source\11. 프로그래밍\image stitch\release\imageprocessing.exe.intermediate.manifest
d:\source\11. 프로그래밍\image stitch\release\vc100.pdb
d:\source\11. 프로그래밍\image stitch\release\imageprocess_jy.sbr
d:\source\11. 프로그래밍\image stitch\release\imagestitching_jy.sbr
d:\source\11. 프로그래밍\image stitch\.\release\imageprocessing.exe
d:\source\11. 프로그래밍\image stitch\.\release\imageprocessing.exe.intermediate.manifest
d:\source\11. 프로그래밍\image stitch\release\imageprocessing.tlog\bscmake.command.1.tlog
d:\source\11. 프로그래밍\image stitch\release\imageprocessing.tlog\bscmake.read.1.tlog
d:\source\11. 프로그래밍\image stitch\release\imageprocessing.tlog\bscmake.write.1.tlog
d:\source\11. 프로그래밍\image stitch\release\imageprocessing.tlog\cl.command.1.tlog
d:\source\11. 프로그래밍\image stitch\release\imageprocessing.tlog\cl.read.1.tlog
d:\source\11. 프로그래밍\image stitch\release\imageprocessing.tlog\cl.write.1.tlog
d:\source\11. 프로그래밍\image stitch\release\imageprocessing.tlog\link.command.1.tlog
d:\source\11. 프로그래밍\image stitch\release\imageprocessing.tlog\link.read.1.tlog
d:\source\11. 프로그래밍\image stitch\release\imageprocessing.tlog\link.write.1.tlog
d:\source\11. 프로그래밍\image stitch\release\imageprocessing.tlog\rc.command.1.tlog
d:\source\11. 프로그래밍\image stitch\release\imageprocessing.tlog\rc.read.1.tlog
d:\source\11. 프로그래밍\image stitch\release\imageprocessing.tlog\rc.write.1.tlog
